Thu Mar 20 17:49:42 HSP 2025: 
 tests:  0|5
total_score: 0/70
3f6cb15
Thu Mar 20 17:58:09 HSP 2025: 
 exercises.c | 31 ++++++++++++++++++++++++++++++-
 1 file changed, 30 insertions(+), 1 deletion(-)
In file included from test.c:5:0:
exercises.c: In function 'crea_lista':
exercises.c:46:10: error: redefinition of 'L'
    List* L = (List*)malloc(sizeof(List*));
          ^
exercises.c:45:10: note: previous definition of 'L' was here
    List* L = create_list();
          ^
exercises.c: In function 'sumaLista':
exercises.c:61:14: error: implicit declaration of function 'fisrt' [-Werror=implicit-function-declaration]
    int* dato=fisrt(L);
              ^~~~~
exercises.c:61:14: error: initialization makes pointer from integer without a cast [-Werror=int-conversion]
exercises.c: In function 'copia_pila':
exercises.c:107:11: error: 'return' with a value, in function returning void [-Werror]
    return P2;
           ^~
exercises.c:90:6: note: declared here
 void copia_pila(Stack* P1, Stack* P2) {
      ^~~~~~~~~~
cc1.exe: all warnings being treated as errors
Compilation failed
b7fc3c0
Thu, Mar 20, 2025  6:02:09 PM: 
 exercises.c | 7 ++++---
 1 file changed, 4 insertions(+), 3 deletions(-)
In file included from test.c:5:0:
exercises.c: In function 'sumaLista':
exercises.c:62:14: error: implicit declaration of function 'fisrt' [-Werror=implicit-function-declaration]
    int* dato=fisrt(L);
              ^~~~~
exercises.c:62:14: error: initialization makes pointer from integer without a cast [-Werror=int-conversion]
exercises.c: In function 'copia_pila':
exercises.c:108:11: error: 'return' with a value, in function returning void [-Werror]
    return P2;
           ^~
exercises.c:91:6: note: declared here
 void copia_pila(Stack* P1, Stack* P2) {
      ^~~~~~~~~~
cc1.exe: all warnings being treated as errors
Compilation failed
88c8e46
Fri, Mar 21, 2025  6:10:44 PM: 
In file included from test.c:5:
exercises.c: In function 'sumaLista':
exercises.c:62:14: error: implicit declaration of function 'fisrt'; did you mean 'first'? [-Wimplicit-function-declaration]
   62 |    int* dato=fisrt(L);
      |              ^~~~~
      |              first
exercises.c:62:14: error: initialization of 'int *' from 'int' makes pointer from integer without a cast [-Wint-conversion]
exercises.c: In function 'eliminaElementos':
exercises.c:83:14: error: comparison between pointer and integer [-Werror]
   83 |       if(dato==elem){
      |              ^~
exercises.c: In function 'copia_pila':
exercises.c:115:11: error: 'return' with a value, in function returning void [-Wreturn-mismatch]
  115 |    return P2;
      |           ^~
exercises.c:98:6: note: declared here
   98 | void copia_pila(Stack* P1, Stack* P2) {
      |      ^~~~~~~~~~
exercises.c: In function 'parentesisBalanceados':
exercises.c:126:11: error: unused variable 'pila' [-Werror=unused-variable]
  126 |    Stack* pila=create_stack();
      |           ^~~~
cc1.exe: all warnings being treated as errors
Compilation failed
fa80dc3
Fri, Mar 21, 2025  6:13:23 PM: 
 exercises.c | 2 +-
 1 file changed, 1 insertion(+), 1 deletion(-)
In file included from test.c:5:
exercises.c: In function 'eliminaElementos':
exercises.c:83:14: error: comparison between pointer and integer [-Werror]
   83 |       if(dato==elem){
      |              ^~
exercises.c: In function 'copia_pila':
exercises.c:115:11: error: 'return' with a value, in function returning void [-Wreturn-mismatch]
  115 |    return P2;
      |           ^~
exercises.c:98:6: note: declared here
   98 | void copia_pila(Stack* P1, Stack* P2) {
      |      ^~~~~~~~~~
exercises.c: In function 'parentesisBalanceados':
exercises.c:126:11: error: unused variable 'pila' [-Werror=unused-variable]
  126 |    Stack* pila=create_stack();
      |           ^~~~
cc1.exe: all warnings being treated as errors
Compilation failed
69ef74e
Fri, Mar 21, 2025  6:14:20 PM: 
 exercises.c | 2 +-
 1 file changed, 1 insertion(+), 1 deletion(-)
In file included from test.c:5:
exercises.c: In function 'copia_pila':
exercises.c:115:11: error: 'return' with a value, in function returning void [-Wreturn-mismatch]
  115 |    return P2;
      |           ^~
exercises.c:98:6: note: declared here
   98 | void copia_pila(Stack* P1, Stack* P2) {
      |      ^~~~~~~~~~
exercises.c: In function 'parentesisBalanceados':
exercises.c:126:11: error: unused variable 'pila' [-Werror=unused-variable]
  126 |    Stack* pila=create_stack();
      |           ^~~~
cc1.exe: all warnings being treated as errors
Compilation failed
4e86a58
Fri, Mar 21, 2025  6:14:53 PM: 
In file included from test.c:5:
exercises.c: In function 'copia_pila':
exercises.c:115:11: error: 'return' with a value, in function returning void [-Wreturn-mismatch]
  115 |    return P2;
      |           ^~
exercises.c:98:6: note: declared here
   98 | void copia_pila(Stack* P1, Stack* P2) {
      |      ^~~~~~~~~~
exercises.c: In function 'parentesisBalanceados':
exercises.c:126:11: error: unused variable 'pila' [-Werror=unused-variable]
  126 |    Stack* pila=create_stack();
      |           ^~~~
cc1.exe: all warnings being treated as errors
Compilation failed
e3d54d8
Fri, Mar 21, 2025  6:22:42 PM: 
 exercises.c | 5 +----
 1 file changed, 1 insertion(+), 4 deletions(-)
C:/mingw64/bin/../lib/gcc/x86_64-w64-mingw32/14.2.0/../../../../x86_64-w64-mingw32/bin/ld.exe: cannot open output file a.out: Permission denied
collect2.exe: error: ld returned 1 exit status
Compilation failed
560d148
Fri, Mar 21, 2025  6:23:31 PM: 
 exercises.c | 2 +-
 1 file changed, 1 insertion(+), 1 deletion(-)
C:/mingw64/bin/../lib/gcc/x86_64-w64-mingw32/14.2.0/../../../../x86_64-w64-mingw32/bin/ld.exe: cannot open output file a.out: Permission denied
collect2.exe: error: ld returned 1 exit status
Compilation failed
1c9c64b
Fri, Mar 21, 2025  7:32:08 PM: 
 exercises.c | 2 +-
 1 file changed, 1 insertion(+), 1 deletion(-)
 tests:  3|2
total_score: 40/70
aeaf12d
Fri, Mar 21, 2025 10:27:14 PM: 
 exercises.c | 1 +
 1 file changed, 1 insertion(+)
In file included from test.c:5:
exercises.c: In function 'copia_pila':
exercises.c:102:11: error: unused variable 'dato_copia' [-Werror=unused-variable]
  102 |       int dato_copia = *dato;
      |           ^~~~~~~~~~
cc1.exe: all warnings being treated as errors
Compilation failed
6563b67
Fri, Mar 21, 2025 10:28:00 PM: 
 exercises.c | 3 ++-
 1 file changed, 2 insertions(+), 1 deletion(-)
 tests:  3|2
total_score: 40/70
182810d
Fri, Mar 21, 2025 10:28:40 PM: 
 exercises.c | 4 +---
 1 file changed, 1 insertion(+), 3 deletions(-)
 tests:  3|2
total_score: 40/70
eae9d4c
Fri, Mar 21, 2025 10:31:59 PM: 
 exercises.c | 1 +
 1 file changed, 1 insertion(+)
 tests:  4|1
total_score: 50/70
2720a77
Fri, Mar 21, 2025 10:49:59 PM: 
 exercises.c | 16 ++++++++++++++--
 1 file changed, 14 insertions(+), 2 deletions(-)
In file included from test.c:6:
arraylist.c: In function 'create_list':
arraylist.c:15:34: error: invalid application of 'sizeof' to incomplete type 'List'
   15 |   List* L = (List*)malloc(sizeof(List));
      |                                  ^~~~
arraylist.c:16:4: error: invalid use of incomplete typedef 'List'
   16 |   L->current = 0;
      |    ^~
arraylist.c:17:4: error: invalid use of incomplete typedef 'List'
   17 |   L->size = 0;
      |    ^~
arraylist.c: In function 'first':
arraylist.c:22:7: error: invalid use of incomplete typedef 'List'
   22 |   if(L->size == 0) {
      |       ^~
arraylist.c:25:4: error: invalid use of incomplete typedef 'List'
   25 |   L->current = 0;
      |    ^~
arraylist.c:26:11: error: invalid use of incomplete typedef 'List'
   26 |   return L->data[L->current];
      |           ^~
arraylist.c:26:19: error: invalid use of incomplete typedef 'List'
   26 |   return L->data[L->current];
      |                   ^~
arraylist.c: In function 'next':
arraylist.c:30:7: error: invalid use of incomplete typedef 'List'
   30 |   if(L->current < L->size - 1) {
      |       ^~
arraylist.c:30:20: error: invalid use of incomplete typedef 'List'
   30 |   if(L->current < L->size - 1) {
      |                    ^~
arraylist.c:31:6: error: invalid use of incomplete typedef 'List'
   31 |     L->current++;
      |      ^~
arraylist.c:32:13: error: invalid use of incomplete typedef 'List'
   32 |     return L->data[L->current];
      |             ^~
arraylist.c:32:21: error: invalid use of incomplete typedef 'List'
   32 |     return L->data[L->current];
      |                     ^~
arraylist.c: In function 'pushFront':
arraylist.c:38:7: error: invalid use of incomplete typedef 'List'
   38 |   if(L->size == 0) {
      |       ^~
arraylist.c:39:6: error: invalid use of incomplete typedef 'List'
   39 |     L->data[0] = dato;
      |      ^~
arraylist.c:40:6: error: invalid use of incomplete typedef 'List'
   40 |     L->size++;
      |      ^~
arraylist.c:43:16: error: invalid use of incomplete typedef 'List'
   43 |   for(int i = L->size; i > 0; i--) {
      |                ^~
arraylist.c:44:6: error: invalid use of incomplete typedef 'List'
   44 |     L->data[i] = L->data[i - 1];
      |      ^~
arraylist.c:44:19: error: invalid use of incomplete typedef 'List'
   44 |     L->data[i] = L->data[i - 1];
      |                   ^~
arraylist.c:46:4: error: invalid use of incomplete typedef 'List'
   46 |   L->data[0] = dato;
      |    ^~
arraylist.c:47:4: error: invalid use of incomplete typedef 'List'
   47 |   L->size++;
      |    ^~
arraylist.c: In function 'pushBack':
arraylist.c:51:4: error: invalid use of incomplete typedef 'List'
   51 |   L->data[L->size] = dato;
      |    ^~
arraylist.c:51:12: error: invalid use of incomplete typedef 'List'
   51 |   L->data[L->size] = dato;
      |            ^~
arraylist.c:52:4: error: invalid use of incomplete typedef 'List'
   52 |   L->size++;
      |    ^~
arraylist.c: In function 'pushCurrent':
arraylist.c:56:7: error: invalid use of incomplete typedef 'List'
   56 |   if(L->size == 0) {
      |       ^~
arraylist.c:57:6: error: invalid use of incomplete typedef 'List'
   57 |     L->data[0] = dato;
      |      ^~
arraylist.c:58:6: error: invalid use of incomplete typedef 'List'
   58 |     L->size++;
      |      ^~
arraylist.c:61:16: error: invalid use of incomplete typedef 'List'
   61 |   for(int i = L->size; i > L->current; i--) {
      |                ^~
arraylist.c:61:29: error: invalid use of incomplete typedef 'List'
   61 |   for(int i = L->size; i > L->current; i--) {
      |                             ^~
arraylist.c:62:6: error: invalid use of incomplete typedef 'List'
   62 |     L->data[i] = L->data[i - 1];
      |      ^~
arraylist.c:62:19: error: invalid use of incomplete typedef 'List'
   62 |     L->data[i] = L->data[i - 1];
      |                   ^~
arraylist.c:64:4: error: invalid use of incomplete typedef 'List'
   64 |   L->data[L->current + 1] = dato;
      |    ^~
arraylist.c:64:12: error: invalid use of incomplete typedef 'List'
   64 |   L->data[L->current + 1] = dato;
      |            ^~
arraylist.c:65:4: error: invalid use of incomplete typedef 'List'
   65 |   L->size++;
      |    ^~
arraylist.c: In function 'popFront':
arraylist.c:69:7: error: invalid use of incomplete typedef 'List'
   69 |   if(L->size == 0) {
      |       ^~
arraylist.c:72:17: error: invalid use of incomplete typedef 'List'
   72 |   void* dato = L->data[0];
      |                 ^~
arraylist.c:73:23: error: invalid use of incomplete typedef 'List'
   73 |   for(int i = 0; i < L->size - 1; i++) {
      |                       ^~
arraylist.c:74:6: error: invalid use of incomplete typedef 'List'
   74 |     L->data[i] = L->data[i + 1];
      |      ^~
arraylist.c:74:19: error: invalid use of incomplete typedef 'List'
   74 |     L->data[i] = L->data[i + 1];
      |                   ^~
arraylist.c:76:4: error: invalid use of incomplete typedef 'List'
   76 |   L->size--;
      |    ^~
arraylist.c: In function 'popBack':
arraylist.c:81:7: error: invalid use of incomplete typedef 'List'
   81 |   if(L->size == 0) {
      |       ^~
arraylist.c:84:17: error: invalid use of incomplete typedef 'List'
   84 |   void* dato = L->data[L->size - 1];
      |                 ^~
arraylist.c:84:25: error: invalid use of incomplete typedef 'List'
   84 |   void* dato = L->data[L->size - 1];
      |                         ^~
arraylist.c:85:4: error: invalid use of incomplete typedef 'List'
   85 |   L->size--;
      |    ^~
arraylist.c: In function 'popCurrent':
arraylist.c:90:7: error: invalid use of incomplete typedef 'List'
   90 |   if(L->size == 0) {
      |       ^~
arraylist.c:93:17: error: invalid use of incomplete typedef 'List'
   93 |   void* dato = L->data[L->current];
      |                 ^~
arraylist.c:93:25: error: invalid use of incomplete typedef 'List'
   93 |   void* dato = L->data[L->current];
      |                         ^~
arraylist.c:94:16: error: invalid use of incomplete typedef 'List'
   94 |   for(int i = L->current; i < L->size - 1; i++) {
      |                ^~
arraylist.c:94:32: error: invalid use of incomplete typedef 'List'
   94 |   for(int i = L->current; i < L->size - 1; i++) {
      |                                ^~
arraylist.c:95:6: error: invalid use of incomplete typedef 'List'
   95 |     L->data[i] = L->data[i + 1];
      |      ^~
arraylist.c:95:19: error: invalid use of incomplete typedef 'List'
   95 |     L->data[i] = L->data[i + 1];
      |                   ^~
arraylist.c:97:4: error: invalid use of incomplete typedef 'List'
   97 |   L->size--;
      |    ^~
arraylist.c:98:4: error: invalid use of incomplete typedef 'List'
   98 |   L->current--;
      |    ^~
arraylist.c: In function 'get_size':
arraylist.c:103:11: error: invalid use of incomplete typedef 'List'
  103 |   return L->size;
      |           ^~
test.c: In function 'parentesisBalanceados':
test.c:253:5: error: 'main' is normally a non-static function [-Werror=main]
  253 | int main( int argc, char *argv[] ) {
      |     ^~~~
test.c:271:1: error: expected declaration or statement at end of input
  271 | }
      | ^
test.c:273: error: control reaches end of non-void function [-Werror=return-type]
arraylist.c: In function 'first':
arraylist.c:27:1: error: control reaches end of non-void function [-Werror=return-type]
   27 | }
      | ^
test.c: At top level:
test.c:253:5: error: 'main' defined but not used [-Werror=unused-function]
  253 | int main( int argc, char *argv[] ) {
      |     ^~~~
test.c:37:6: error: 'info_msg' defined but not used [-Werror=unused-function]
   37 | void info_msg(char* msg){
      |      ^~~~~~~~
arraylist.c:102:5: error: 'get_size' defined but not used [-Werror=unused-function]
  102 | int get_size(List *L) {
      |     ^~~~~~~~
arraylist.c:89:7: error: 'popCurrent' defined but not used [-Werror=unused-function]
   89 | void* popCurrent(List *L) {
      |       ^~~~~~~~~~
arraylist.c:80:7: error: 'popBack' defined but not used [-Werror=unused-function]
   80 | void* popBack(List *L) {
      |       ^~~~~~~
arraylist.c:68:7: error: 'popFront' defined but not used [-Werror=unused-function]
   68 | void* popFront(List *L) {
      |       ^~~~~~~~
arraylist.c:55:6: error: 'pushCurrent' defined but not used [-Werror=unused-function]
   55 | void pushCurrent(List *L, void *dato) {
      |      ^~~~~~~~~~~
arraylist.c:37:6: error: 'pushFront' defined but not used [-Werror=unused-function]
   37 | void pushFront(List *L, void *dato) {
      |      ^~~~~~~~~
cc1.exe: all warnings being treated as errors
Compilation failed
8f0e3be
Fri, Mar 21, 2025 10:52:37 PM: 
 exercises.c | 11 ++++++-----
 1 file changed, 6 insertions(+), 5 deletions(-)
In file included from test.c:5:
exercises.c: In function 'parentesisBalanceados':
exercises.c:140:1: error: control reaches end of non-void function [-Werror=return-type]
  140 | }
      | ^
cc1.exe: all warnings being treated as errors
Compilation failed
13a7466
Fri, Mar 21, 2025 11:01:31 PM: 
 exercises.c | 4 +++-
 1 file changed, 3 insertions(+), 1 deletion(-)
In file included from test.c:5:
exercises.c: In function 'parentesisBalanceados':
exercises.c:142:1: error: control reaches end of non-void function [-Werror=return-type]
  142 | }
      | ^
cc1.exe: all warnings being treated as errors
Compilation failed
5ad26a3
Fri, Mar 21, 2025 11:03:17 PM: 
 exercises.c | 2 +-
 1 file changed, 1 insertion(+), 1 deletion(-)
 tests:  5|1
total_score: 50/70
8c8edee
Fri, Mar 21, 2025 11:40:16 PM: 
 exercises.c | 5 ++---
 1 file changed, 2 insertions(+), 3 deletions(-)
In file included from test.c:5:
exercises.c: In function 'parentesisBalanceados':
exercises.c:129:21: error: passing argument 2 of 'push' makes pointer from integer without a cast [-Wint-conversion]
  129 |          push(pila, caracter);
      |                     ^~~~~~~~
      |                     |
      |                     char
In file included from exercises.c:7:
stack.h:11:31: note: expected 'void *' but argument is of type 'char'
   11 | void push(Stack *stack, void *data) { pushFront(stack, data); }
      |                         ~~~~~~^~~~
Compilation failed
4b61733
